This is XeTeX, Version 3.141592653-2.6-0.999993 (TeX Live 2021) (preloaded format=xelatex 2021.5.21)  23 MAY 2021 18:44
entering extended mode
 restricted \write18 enabled.
 %&-line parsing enabled.
**MigrainePrevention.tex
(./MigrainePrevention.tex
LaTeX2e <2020-10-01> patch level 4
L3 programming layer <2021-05-11> (/usr/local/texlive/2021/texmf-dist/tex/latex
/base/book.cls
Document Class: book 2020/04/10 v1.4m Standard LaTeX document class
(/usr/local/texlive/2021/texmf-dist/tex/latex/base/bk10.clo
File: bk10.clo 2020/04/10 v1.4m Standard LaTeX file (size option)
)
\c@part=\count175
\c@chapter=\count176
\c@section=\count177
\c@subsection=\count178
\c@subsubsection=\count179
\c@paragraph=\count180
\c@subparagraph=\count181
\c@figure=\count182
\c@table=\count183
\abovecaptionskip=\skip47
\belowcaptionskip=\skip48
\bibindent=\dimen138
) (/usr/local/texlive/2021/texmf-dist/tex/latex/lm/lmodern.sty
Package: lmodern 2015/05/01 v1.6.1 Latin Modern Fonts
LaTeX Font Info:    Overwriting symbol font `operators' in version `normal'
(Font)                  OT1/cmr/m/n --> OT1/lmr/m/n on input line 22.
LaTeX Font Info:    Overwriting symbol font `letters' in version `normal'
(Font)                  OML/cmm/m/it --> OML/lmm/m/it on input line 23.
LaTeX Font Info:    Overwriting symbol font `symbols' in version `normal'
(Font)                  OMS/cmsy/m/n --> OMS/lmsy/m/n on input line 24.
LaTeX Font Info:    Overwriting symbol font `largesymbols' in version `normal'
(Font)                  OMX/cmex/m/n --> OMX/lmex/m/n on input line 25.
LaTeX Font Info:    Overwriting symbol font `operators' in version `bold'
(Font)                  OT1/cmr/bx/n --> OT1/lmr/bx/n on input line 26.
LaTeX Font Info:    Overwriting symbol font `letters' in version `bold'
(Font)                  OML/cmm/b/it --> OML/lmm/b/it on input line 27.
LaTeX Font Info:    Overwriting symbol font `symbols' in version `bold'
(Font)                  OMS/cmsy/b/n --> OMS/lmsy/b/n on input line 28.
LaTeX Font Info:    Overwriting symbol font `largesymbols' in version `bold'
(Font)                  OMX/cmex/m/n --> OMX/lmex/m/n on input line 29.
LaTeX Font Info:    Overwriting math alphabet `\mathbf' in version `normal'
(Font)                  OT1/cmr/bx/n --> OT1/lmr/bx/n on input line 31.
LaTeX Font Info:    Overwriting math alphabet `\mathsf' in version `normal'
(Font)                  OT1/cmss/m/n --> OT1/lmss/m/n on input line 32.
LaTeX Font Info:    Overwriting math alphabet `\mathit' in version `normal'
(Font)                  OT1/cmr/m/it --> OT1/lmr/m/it on input line 33.
LaTeX Font Info:    Overwriting math alphabet `\mathtt' in version `normal'
(Font)                  OT1/cmtt/m/n --> OT1/lmtt/m/n on input line 34.
LaTeX Font Info:    Overwriting math alphabet `\mathbf' in version `bold'
(Font)                  OT1/cmr/bx/n --> OT1/lmr/bx/n on input line 35.
LaTeX Font Info:    Overwriting math alphabet `\mathsf' in version `bold'
(Font)                  OT1/cmss/bx/n --> OT1/lmss/bx/n on input line 36.
LaTeX Font Info:    Overwriting math alphabet `\mathit' in version `bold'
(Font)                  OT1/cmr/bx/it --> OT1/lmr/bx/it on input line 37.
LaTeX Font Info:    Overwriting math alphabet `\mathtt' in version `bold'
(Font)                  OT1/cmtt/m/n --> OT1/lmtt/m/n on input line 38.
) (/usr/local/texlive/2021/texmf-dist/tex/latex/amsmath/amsmath.sty
Package: amsmath 2020/09/23 v2.17i AMS math features
\@mathmargin=\skip49
For additional information on amsmath, use the `?' option.
(/usr/local/texlive/2021/texmf-dist/tex/latex/amsmath/amstext.sty
Package: amstext 2000/06/29 v2.01 AMS text
(/usr/local/texlive/2021/texmf-dist/tex/latex/amsmath/amsgen.sty
File: amsgen.sty 1999/11/30 v2.0 generic functions
\@emptytoks=\toks15
\ex@=\dimen139
)) (/usr/local/texlive/2021/texmf-dist/tex/latex/amsmath/amsbsy.sty
Package: amsbsy 1999/11/29 v1.2d Bold Symbols
\pmbraise@=\dimen140
) (/usr/local/texlive/2021/texmf-dist/tex/latex/amsmath/amsopn.sty
Package: amsopn 2016/03/08 v2.02 operator names
)
\inf@bad=\count184
LaTeX Info: Redefining \frac on input line 234.
\uproot@=\count185
\leftroot@=\count186
LaTeX Info: Redefining \overline on input line 399.
\classnum@=\count187
\DOTSCASE@=\count188
LaTeX Info: Redefining \ldots on input line 496.
LaTeX Info: Redefining \dots on input line 499.
LaTeX Info: Redefining \cdots on input line 620.
\Mathstrutbox@=\box47
\strutbox@=\box48
\big@size=\dimen141
LaTeX Font Info:    Redeclaring font encoding OML on input line 743.
LaTeX Font Info:    Redeclaring font encoding OMS on input line 744.
\macc@depth=\count189
\c@MaxMatrixCols=\count190
\dotsspace@=\muskip16
\c@parentequation=\count191
\dspbrk@lvl=\count192
\tag@help=\toks16
\row@=\count193
\column@=\count194
\maxfields@=\count195
\andhelp@=\toks17
\eqnshift@=\dimen142
\alignsep@=\dimen143
\tagshift@=\dimen144
\tagwidth@=\dimen145
\totwidth@=\dimen146
\lineht@=\dimen147
\@envbody=\toks18
\multlinegap=\skip50
\multlinetaggap=\skip51
\mathdisplay@stack=\toks19
LaTeX Info: Redefining \[ on input line 2923.
LaTeX Info: Redefining \] on input line 2924.
) (/usr/local/texlive/2021/texmf-dist/tex/generic/iftex/ifxetex.sty
Package: ifxetex 2019/10/25 v0.7 ifxetex legacy package. Use iftex instead.
(/usr/local/texlive/2021/texmf-dist/tex/generic/iftex/iftex.sty
Package: iftex 2020/03/06 v1.0d TeX engine tests
)) (/usr/local/texlive/2021/texmf-dist/tex/generic/iftex/ifluatex.sty
Package: ifluatex 2019/10/25 v1.5 ifluatex legacy package. Use iftex instead.
) (/usr/local/texlive/2021/texmf-dist/tex/latex/unicode-math/unicode-math.sty (
/usr/local/texlive/2021/texmf-dist/tex/latex/l3kernel/expl3.sty
Package: expl3 2021-05-11 L3 programming layer (loader) 
(/usr/local/texlive/2021/texmf-dist/tex/latex/l3backend/l3backend-xetex.def
File: l3backend-xetex.def 2021-05-07 L3 backend support: XeTeX
(|extractbb --version)
\c__kernel_sys_dvipdfmx_version_int=\count196
\l__color_backend_stack_int=\count197
\g__color_backend_stack_int=\count198
\g__graphics_track_int=\count199
\l__pdf_internal_box=\box49
\g__pdf_backend_object_int=\count266
\g__pdf_backend_annotation_int=\count267
\g__pdf_backend_link_int=\count268
))
Package: unicode-math 2020/01/31 v0.8q Unicode maths in XeLaTeX and LuaLaTeX

(/usr/local/texlive/2021/texmf-dist/tex/latex/unicode-math/unicode-math-xetex.s
ty
Package: unicode-math-xetex 2020/01/31 v0.8q Unicode maths in XeLaTeX and LuaLa
TeX
(/usr/local/texlive/2021/texmf-dist/tex/latex/l3packages/xparse/xparse.sty
(/usr/local/texlive/2021/texmf-dist/tex/latex/l3packages/xparse/xparse-2020-10-
01.sty
(/usr/local/texlive/2021/texmf-dist/tex/latex/l3packages/xparse/xparse-generic.
tex))) (/usr/local/texlive/2021/texmf-dist/tex/latex/l3packages/l3keys2e/l3keys
2e.sty
Package: l3keys2e 2021-05-07 LaTeX2e option processing using LaTeX3 keys
) (/usr/local/texlive/2021/texmf-dist/tex/latex/fontspec/fontspec.sty
Package: fontspec 2020/02/21 v2.7i Font selection for XeLaTeX and LuaLaTeX
(/usr/local/texlive/2021/texmf-dist/tex/latex/fontspec/fontspec-xetex.sty
Package: fontspec-xetex 2020/02/21 v2.7i Font selection for XeLaTeX and LuaLaTe
X
\l__fontspec_script_int=\count269
\l__fontspec_language_int=\count270
\l__fontspec_strnum_int=\count271
\l__fontspec_tmp_int=\count272
\l__fontspec_tmpa_int=\count273
\l__fontspec_tmpb_int=\count274
\l__fontspec_tmpc_int=\count275
\l__fontspec_em_int=\count276
\l__fontspec_emdef_int=\count277
\l__fontspec_strong_int=\count278
\l__fontspec_strongdef_int=\count279
\l__fontspec_tmpa_dim=\dimen148
\l__fontspec_tmpb_dim=\dimen149
\l__fontspec_tmpc_dim=\dimen150
(/usr/local/texlive/2021/texmf-dist/tex/latex/base/fontenc.sty
Package: fontenc 2020/08/10 v2.0s Standard LaTeX package
) (/usr/local/texlive/2021/texmf-dist/tex/latex/fontspec/fontspec.cfg))) (/usr/
local/texlive/2021/texmf-dist/tex/latex/base/fix-cm.sty
Package: fix-cm 2015/01/14 v1.1t fixes to LaTeX
(/usr/local/texlive/2021/texmf-dist/tex/latex/base/ts1enc.def
File: ts1enc.def 2001/06/05 v3.0e (jk/car/fm) Standard LaTeX file
LaTeX Font Info:    Redeclaring font encoding TS1 on input line 47.
))
\g__um_fam_int=\count280
\g__um_fonts_used_int=\count281
\l__um_primecount_int=\count282
\g__um_primekern_muskip=\muskip17

(/usr/local/texlive/2021/texmf-dist/tex/latex/unicode-math/unicode-math-table.t
ex)))

Package fontspec Info: NanumGothic scale = 0.8652288050187315.


Package fontspec Info: Could not resolve font "NanumGothic/I" (it probably
(fontspec)             doesn't exist).


Package fontspec Info: NanumGothic scale = 0.8652288050187315.


Package fontspec Info: NanumGothic/B scale = 0.8652288050187315.


Package fontspec Info: NanumGothic/BI scale = 0.8652288050187315.


Package fontspec Info: Font family 'NanumGothic(0)' created for font
(fontspec)             'NanumGothic' with options
(fontspec)             [Scale=MatchLowercase,Ligatures=TeX,Scale=1].
(fontspec)              
(fontspec)              This font family consists of the following NFSS
(fontspec)             series/shapes:
(fontspec)              
(fontspec)             - 'normal' (m/n) with NFSS spec.:
(fontspec)             <->s*[1]"NanumGothic/AAT:mapping=tex-text;"
(fontspec)             - 'small caps'  (m/sc) with NFSS spec.: 
(fontspec)             - 'bold' (b/n) with NFSS spec.:
(fontspec)             <->s*[1]"NanumGothic/B/AAT:mapping=tex-text;"
(fontspec)             - 'bold small caps'  (b/sc) with NFSS spec.: 
(fontspec)             - 'bold italic' (b/it) with NFSS spec.:
(fontspec)             <->s*[1]"NanumGothic/BI/AAT:mapping=tex-text;"
(fontspec)             - 'bold italic small caps'  (b/scit) with NFSS spec.: 

LaTeX Font Info:    Font shape `TU/NanumGothic(0)/m/n' will be
(Font)              scaled to size 10.0pt on input line 20.

Package fontspec Info: NanumGothic scale = 0.9999969368094421.


Package fontspec Info: Could not resolve font "NanumGothic/I" (it probably
(fontspec)             doesn't exist).


Package fontspec Info: NanumGothic scale = 0.9999969368094421.


Package fontspec Info: NanumGothic/B scale = 0.9999969368094421.


Package fontspec Info: NanumGothic/BI scale = 0.9999969368094421.


Package fontspec Info: Font family 'NanumGothic(1)' created for font
(fontspec)             'NanumGothic' with options [Scale=MatchLowercase].
(fontspec)              
(fontspec)              This font family consists of the following NFSS
(fontspec)             series/shapes:
(fontspec)              
(fontspec)             - 'normal' (m/n) with NFSS spec.:
(fontspec)             <->s*[0.9999969368094421]"NanumGothic/AAT"
(fontspec)             - 'small caps'  (m/sc) with NFSS spec.: 
(fontspec)             - 'bold' (b/n) with NFSS spec.:
(fontspec)             <->s*[0.9999969368094421]"NanumGothic/B/AAT"
(fontspec)             - 'bold small caps'  (b/sc) with NFSS spec.: 
(fontspec)             - 'bold italic' (b/it) with NFSS spec.:
(fontspec)             <->s*[0.9999969368094421]"NanumGothic/BI/AAT"
(fontspec)             - 'bold italic small caps'  (b/scit) with NFSS spec.: 

LaTeX Font Info:    Overwriting math alphabet `\mathrm' in version `normal'
(Font)                  OT1/lmr/m/n --> TU/NanumGothic(1)/m/n on input line 20.

LaTeX Font Info:    Overwriting math alphabet `\mathit' in version `normal'
(Font)                  OT1/lmr/m/it --> TU/NanumGothic(1)/m/it on input line 2
0.
LaTeX Font Info:    Overwriting math alphabet `\mathbf' in version `normal'
(Font)                  OT1/lmr/bx/n --> TU/NanumGothic(1)/b/n on input line 20
.
(/usr/local/texlive/2021/texmf-dist/tex/latex/upquote/upquote.sty
Package: upquote 2012/04/19 v1.3 upright-quote and grave-accent glyphs in verba
tim
(/usr/local/texlive/2021/texmf-dist/tex/latex/base/textcomp.sty
Package: textcomp 2020/02/02 v2.0n Standard LaTeX package
)) (/usr/local/texlive/2021/texmf-dist/tex/latex/microtype/microtype.sty
Package: microtype 2021/03/14 v2.8c Micro-typographical refinements (RS)
(/usr/local/texlive/2021/texmf-dist/tex/latex/graphics/keyval.sty
Package: keyval 2014/10/28 v1.15 key=value parser (DPC)
\KV@toks@=\toks20
)
\MT@toks=\toks21
\MT@count=\count283
LaTeX Info: Redefining \textls on input line 790.
\MT@outer@kern=\dimen151
LaTeX Info: Redefining \textmicrotypecontext on input line 1374.
\MT@listname@count=\count284
(/usr/local/texlive/2021/texmf-dist/tex/latex/microtype/microtype-xetex.def
File: microtype-xetex.def 2021/03/14 v2.8c Definitions specific to xetex (RS)
LaTeX Info: Redefining \lsstyle on input line 254.
)
Package microtype Info: Loading configuration file microtype.cfg.
(/usr/local/texlive/2021/texmf-dist/tex/latex/microtype/microtype.cfg
File: microtype.cfg 2021/03/14 v2.8c microtype main configuration file (RS)
)) (/usr/local/texlive/2021/texmf-dist/tex/latex/parskip/parskip.sty
Package: parskip 2021-03-14 v2.0h non-zero parskip adjustments
(/usr/local/texlive/2021/texmf-dist/tex/latex/kvoptions/kvoptions.sty
Package: kvoptions 2020-10-07 v3.14 Key value format for package options (HO)
(/usr/local/texlive/2021/texmf-dist/tex/generic/ltxcmds/ltxcmds.sty
Package: ltxcmds 2020-05-10 v1.25 LaTeX kernel commands for general use (HO)
) (/usr/local/texlive/2021/texmf-dist/tex/generic/kvsetkeys/kvsetkeys.sty
Package: kvsetkeys 2019/12/15 v1.18 Key value parser (HO)
)) (/usr/local/texlive/2021/texmf-dist/tex/latex/etoolbox/etoolbox.sty
Package: etoolbox 2020/10/05 v2.5k e-TeX tools for LaTeX (JAW)
\etb@tempcnta=\count285
)) (/usr/local/texlive/2021/texmf-dist/tex/latex/xcolor/xcolor.sty
Package: xcolor 2016/05/11 v2.12 LaTeX color extensions (UK)
(/usr/local/texlive/2021/texmf-dist/tex/latex/graphics-cfg/color.cfg
File: color.cfg 2016/01/02 v1.6 sample color configuration
)
Package xcolor Info: Driver file: xetex.def on input line 225.
(/usr/local/texlive/2021/texmf-dist/tex/latex/graphics-def/xetex.def
File: xetex.def 2021/03/18 v5.0k Graphics/color driver for xetex
)
Package xcolor Info: Model `cmy' substituted by `cmy0' on input line 1348.
Package xcolor Info: Model `RGB' extended on input line 1364.
Package xcolor Info: Model `HTML' substituted by `rgb' on input line 1366.
Package xcolor Info: Model `Hsb' substituted by `hsb' on input line 1367.
Package xcolor Info: Model `tHsb' substituted by `hsb' on input line 1368.
Package xcolor Info: Model `HSB' substituted by `hsb' on input line 1369.
Package xcolor Info: Model `Gray' substituted by `gray' on input line 1370.
Package xcolor Info: Model `wave' substituted by `hsb' on input line 1371.
) (/usr/local/texlive/2021/texmf-dist/tex/latex/xurl/xurl.sty
Package: xurl 2020/12/30 v 0.09a modify URL breaks
(/usr/local/texlive/2021/texmf-dist/tex/latex/url/url.sty
\Urlmuskip=\muskip18
Package: url 2013/09/16  ver 3.4  Verb mode for urls, etc.
)) (/usr/local/texlive/2021/texmf-dist/tex/latex/bookmark/bookmark.sty
Package: bookmark 2020-11-06 v1.29 PDF bookmarks (HO)
(/usr/local/texlive/2021/texmf-dist/tex/latex/hyperref/hyperref.sty
Package: hyperref 2021-02-27 v7.00k Hypertext links for LaTeX
(/usr/local/texlive/2021/texmf-dist/tex/generic/pdftexcmds/pdftexcmds.sty
Package: pdftexcmds 2020-06-27 v0.33 Utility functions of pdfTeX for LuaTeX (HO
)
(/usr/local/texlive/2021/texmf-dist/tex/generic/infwarerr/infwarerr.sty
Package: infwarerr 2019/12/03 v1.5 Providing info/warning/error messages (HO)
)
Package pdftexcmds Info: \pdf@primitive is available.
Package pdftexcmds Info: \pdf@ifprimitive is available.
Package pdftexcmds Info: \pdfdraftmode not found.
) (/usr/local/texlive/2021/texmf-dist/tex/generic/kvdefinekeys/kvdefinekeys.sty
Package: kvdefinekeys 2019-12-19 v1.6 Define keys (HO)
) (/usr/local/texlive/2021/texmf-dist/tex/generic/pdfescape/pdfescape.sty
Package: pdfescape 2019/12/09 v1.15 Implements pdfTeX's escape features (HO)
) (/usr/local/texlive/2021/texmf-dist/tex/latex/hycolor/hycolor.sty
Package: hycolor 2020-01-27 v1.10 Color options for hyperref/bookmark (HO)
) (/usr/local/texlive/2021/texmf-dist/tex/latex/letltxmacro/letltxmacro.sty
Package: letltxmacro 2019/12/03 v1.6 Let assignment for LaTeX macros (HO)
) (/usr/local/texlive/2021/texmf-dist/tex/latex/auxhook/auxhook.sty
Package: auxhook 2019-12-17 v1.6 Hooks for auxiliary files (HO)
)
\@linkdim=\dimen152
\Hy@linkcounter=\count286
\Hy@pagecounter=\count287
(/usr/local/texlive/2021/texmf-dist/tex/latex/hyperref/pd1enc.def
File: pd1enc.def 2021-02-27 v7.00k Hyperref: PDFDocEncoding definition (HO)
)
(/usr/local/texlive/2021/texmf-dist/tex/latex/hyperref/hyperref-langpatches.def
File: hyperref-langpatches.def 2021-02-27 v7.00k Hyperref: patches for babel la
nguages
) (/usr/local/texlive/2021/texmf-dist/tex/generic/intcalc/intcalc.sty
Package: intcalc 2019/12/15 v1.3 Expandable calculations with integers (HO)
) (/usr/local/texlive/2021/texmf-dist/tex/generic/etexcmds/etexcmds.sty
Package: etexcmds 2019/12/15 v1.7 Avoid name clashes with e-TeX commands (HO)
)
\Hy@SavedSpaceFactor=\count288
(/usr/local/texlive/2021/texmf-dist/tex/latex/hyperref/puenc.def
File: puenc.def 2021-02-27 v7.00k Hyperref: PDF Unicode definition (HO)
)
Package hyperref Info: Option `unicode' set `true' on input line 4073.
Package hyperref Info: Hyper figures OFF on input line 4192.
Package hyperref Info: Link nesting OFF on input line 4197.
Package hyperref Info: Hyper index ON on input line 4200.
Package hyperref Info: Plain pages OFF on input line 4207.
Package hyperref Info: Backreferencing OFF on input line 4212.
Package hyperref Info: Implicit mode ON; LaTeX internals redefined.
Package hyperref Info: Bookmarks ON on input line 4445.
\c@Hy@tempcnt=\count289
LaTeX Info: Redefining \url on input line 4804.
\XeTeXLinkMargin=\dimen153
(/usr/local/texlive/2021/texmf-dist/tex/generic/bitset/bitset.sty
Package: bitset 2019/12/09 v1.3 Handle bit-vector datatype (HO)
(/usr/local/texlive/2021/texmf-dist/tex/generic/bigintcalc/bigintcalc.sty
Package: bigintcalc 2019/12/15 v1.5 Expandable calculations on big integers (HO
)
))
\Fld@menulength=\count290
\Field@Width=\dimen154
\Fld@charsize=\dimen155
Package hyperref Info: Hyper figures OFF on input line 6075.
Package hyperref Info: Link nesting OFF on input line 6080.
Package hyperref Info: Hyper index ON on input line 6083.
Package hyperref Info: backreferencing OFF on input line 6090.
Package hyperref Info: Link coloring OFF on input line 6095.
Package hyperref Info: Link coloring with OCG OFF on input line 6100.
Package hyperref Info: PDF/A mode OFF on input line 6105.
LaTeX Info: Redefining \ref on input line 6145.
LaTeX Info: Redefining \pageref on input line 6149.
(/usr/local/texlive/2021/texmf-dist/tex/latex/base/atbegshi-ltx.sty
Package: atbegshi-ltx 2020/08/17 v1.0a Emulation of the original atbegshi packa
ge
with kernel methods
)
\Hy@abspage=\count291
\c@Item=\count292
\c@Hfootnote=\count293
)
Package hyperref Info: Driver (autodetected): hxetex.
(/usr/local/texlive/2021/texmf-dist/tex/latex/hyperref/hxetex.def
File: hxetex.def 2021-02-27 v7.00k Hyperref driver for XeTeX
(/usr/local/texlive/2021/texmf-dist/tex/generic/stringenc/stringenc.sty
Package: stringenc 2019/11/29 v1.12 Convert strings between diff. encodings (HO
)
)
\pdfm@box=\box50
\c@Hy@AnnotLevel=\count294
\HyField@AnnotCount=\count295
\Fld@listcount=\count296
\c@bookmark@seq@number=\count297

(/usr/local/texlive/2021/texmf-dist/tex/latex/rerunfilecheck/rerunfilecheck.sty
Package: rerunfilecheck 2019/12/05 v1.9 Rerun checks for auxiliary files (HO)
(/usr/local/texlive/2021/texmf-dist/tex/latex/base/atveryend-ltx.sty
Package: atveryend-ltx 2020/08/19 v1.0a Emulation of the original atvery packag
e
with kernel methods
)
(/usr/local/texlive/2021/texmf-dist/tex/generic/uniquecounter/uniquecounter.sty
Package: uniquecounter 2019/12/15 v1.4 Provide unlimited unique counter (HO)
)
Package uniquecounter Info: New unique counter `rerunfilecheck' on input line 2
86.
)
\Hy@SectionHShift=\skip52
) (/usr/local/texlive/2021/texmf-dist/tex/latex/bookmark/bkm-dvipdfm.def
File: bkm-dvipdfm.def 2020-11-06 v1.29 bookmark driver for dvipdfm (HO)
\BKM@id=\count298
)) (/usr/local/texlive/2021/texmf-dist/tex/latex/tools/longtable.sty
Package: longtable 2020/01/07 v4.13 Multi-page Table package (DPC)
\LTleft=\skip53
\LTright=\skip54
\LTpre=\skip55
\LTpost=\skip56
\LTchunksize=\count299
\LTcapwidth=\dimen156
\LT@head=\box51
\LT@firsthead=\box52
\LT@foot=\box53
\LT@lastfoot=\box54
\LT@cols=\count300
\LT@rows=\count301
\c@LT@tables=\count302
\c@LT@chunks=\count303
\LT@p@ftn=\toks22
) (/usr/local/texlive/2021/texmf-dist/tex/latex/booktabs/booktabs.sty
Package: booktabs 2020/01/12 v1.61803398 Publication quality tables
\heavyrulewidth=\dimen157
\lightrulewidth=\dimen158
\cmidrulewidth=\dimen159
\belowrulesep=\dimen160
\belowbottomsep=\dimen161
\aboverulesep=\dimen162
\abovetopsep=\dimen163
\cmidrulesep=\dimen164
\cmidrulekern=\dimen165
\defaultaddspace=\dimen166
\@cmidla=\count304
\@cmidlb=\count305
\@aboverulesep=\dimen167
\@belowrulesep=\dimen168
\@thisruleclass=\count306
\@lastruleclass=\count307
\@thisrulewidth=\dimen169
) (/usr/local/texlive/2021/texmf-dist/tex/latex/tools/calc.sty
Package: calc 2017/05/25 v4.3 Infix arithmetic (KKT,FJ)
\calc@Acount=\count308
\calc@Bcount=\count309
\calc@Adimen=\dimen170
\calc@Bdimen=\dimen171
\calc@Askip=\skip57
\calc@Bskip=\skip58
LaTeX Info: Redefining \setlength on input line 80.
LaTeX Info: Redefining \addtolength on input line 81.
\calc@Ccount=\count310
\calc@Cskip=\skip59
) (/usr/local/texlive/2021/texmf-dist/tex/latex/footnotehyper/footnotehyper.sty
Package: footnotehyper 2021/02/04 v1.1d hyperref aware footnote.sty (JFB)
\FNH@notes=\box55
\FNH@width=\dimen172
\FNH@toks=\toks23
) (/usr/local/texlive/2021/texmf-dist/tex/latex/graphics/graphicx.sty
Package: graphicx 2020/09/09 v1.2b Enhanced LaTeX Graphics (DPC,SPQR)
(/usr/local/texlive/2021/texmf-dist/tex/latex/graphics/graphics.sty
Package: graphics 2020/08/30 v1.4c Standard LaTeX Graphics (DPC,SPQR)
(/usr/local/texlive/2021/texmf-dist/tex/latex/graphics/trig.sty
Package: trig 2016/01/03 v1.10 sin cos tan (DPC)
) (/usr/local/texlive/2021/texmf-dist/tex/latex/graphics-cfg/graphics.cfg
File: graphics.cfg 2016/06/04 v1.11 sample graphics configuration
)
Package graphics Info: Driver file: xetex.def on input line 105.
)
\Gin@req@height=\dimen173
\Gin@req@width=\dimen174
) (/usr/local/texlive/2021/texmf-dist/tex/latex/amscls/amsthm.sty
Package: amsthm 2020/05/29 v2.20.6
\thm@style=\toks24
\thm@bodyfont=\toks25
\thm@headfont=\toks26
\thm@notefont=\toks27
\thm@headpunct=\toks28
\thm@preskip=\skip60
\thm@postskip=\skip61
\thm@headsep=\skip62
\dth@everypar=\toks29
) (/usr/local/texlive/2021/texmf-dist/tex/latex/natbib/natbib.sty
Package: natbib 2010/09/13 8.31b (PWD, AO)
\bibhang=\skip63
\bibsep=\skip64
LaTeX Info: Redefining \cite on input line 694.
\c@NAT@ctr=\count311
) (./MigrainePrevention.aux)
\openout1 = `MigrainePrevention.aux'.

LaTeX Font Info:    Checking defaults for OML/cmm/m/it on input line 97.
LaTeX Font Info:    ... okay on input line 97.
LaTeX Font Info:    Checking defaults for OMS/cmsy/m/n on input line 97.
LaTeX Font Info:    ... okay on input line 97.
LaTeX Font Info:    Checking defaults for OT1/cmr/m/n on input line 97.
LaTeX Font Info:    ... okay on input line 97.
LaTeX Font Info:    Checking defaults for T1/cmr/m/n on input line 97.
LaTeX Font Info:    ... okay on input line 97.
LaTeX Font Info:    Checking defaults for TS1/cmr/m/n on input line 97.
LaTeX Font Info:    ... okay on input line 97.
LaTeX Font Info:    Checking defaults for TU/lmr/m/n on input line 97.
LaTeX Font Info:    ... okay on input line 97.
LaTeX Font Info:    Checking defaults for OMX/cmex/m/n on input line 97.
LaTeX Font Info:    ... okay on input line 97.
LaTeX Font Info:    Checking defaults for U/cmr/m/n on input line 97.
LaTeX Font Info:    ... okay on input line 97.
LaTeX Font Info:    Checking defaults for PD1/pdf/m/n on input line 97.
LaTeX Font Info:    ... okay on input line 97.
LaTeX Font Info:    Checking defaults for PU/pdf/m/n on input line 97.
LaTeX Font Info:    ... okay on input line 97.
LaTeX Font Info:    Overwriting math alphabet `\mathsf' in version `normal'
(Font)                  OT1/lmss/m/n --> TU/lmss/m/n on input line 97.
LaTeX Font Info:    Overwriting math alphabet `\mathsf' in version `bold'
(Font)                  OT1/lmss/bx/n --> TU/lmss/b/n on input line 97.
LaTeX Font Info:    Overwriting math alphabet `\mathtt' in version `normal'
(Font)                  OT1/lmtt/m/n --> TU/lmtt/m/n on input line 97.
LaTeX Font Info:    Overwriting math alphabet `\mathtt' in version `bold'
(Font)                  OT1/lmtt/m/n --> TU/lmtt/b/n on input line 97.

Package fontspec Info: latinmodern-math scale = 1.155756015874758.


Package fontspec Info: latinmodern-math scale = 1.155756015874758.


Package fontspec Info: latinmodern-math scale = 1.155756015874758.


Package fontspec Info: Font family 'latinmodern-math.otf(0)' created for font
(fontspec)             'latinmodern-math.otf' with options
(fontspec)             [Scale=MatchLowercase,BoldItalicFont={},ItalicFont={},Sm
allCapsFont={},Script=Math,BoldFont={latinmodern-math.otf}].
(fontspec)              
(fontspec)              This font family consists of the following NFSS
(fontspec)             series/shapes:
(fontspec)              
(fontspec)             - 'normal' (m/n) with NFSS spec.:
(fontspec)             <->s*[1.155756015874758]"[latinmodern-math.otf]/OT:scrip
t=math;language=dflt;"
(fontspec)             - 'small caps'  (m/sc) with NFSS spec.: 
(fontspec)             - 'bold' (b/n) with NFSS spec.:
(fontspec)             <->s*[1.155756015874758]"[latinmodern-math.otf]/OT:scrip
t=math;language=dflt;"
(fontspec)             - 'bold small caps'  (b/sc) with NFSS spec.: 

LaTeX Font Info:    Font shape `TU/latinmodern-math.otf(0)/m/n' will be
(Font)              scaled to size 11.55762pt on input line 97.

Package fontspec Info: latinmodern-math scale = 1.155756015874758.


Package fontspec Info: latinmodern-math scale = 1.155756015874758.


Package fontspec Info: latinmodern-math scale = 1.155756015874758.


Package fontspec Info: latinmodern-math scale = 1.155756015874758.


Package fontspec Info: latinmodern-math scale = 1.155756015874758.


Package fontspec Info: Font family 'latinmodern-math.otf(1)' created for font
(fontspec)             'latinmodern-math.otf' with options
(fontspec)             [Scale=MatchLowercase,BoldItalicFont={},ItalicFont={},Sm
allCapsFont={},Script=Math,SizeFeatures={{Size=8.5-},{Size=6-8.5,Font=latinmode
rn-math.otf,Style=MathScript},{Size=-6,Font=latinmodern-math.otf,Style=MathScri
ptScript}},BoldFont={latinmodern-math.otf}].
(fontspec)              
(fontspec)              This font family consists of the following NFSS
(fontspec)             series/shapes:
(fontspec)              
(fontspec)             - 'normal' (m/n) with NFSS spec.:
(fontspec)             <8.5->s*[1.155756015874758]"[latinmodern-math.otf]/OT:sc
ript=math;language=dflt;"<6-8.5>s*[1.155756015874758]"[latinmodern-math.otf]/OT
:script=math;language=dflt;+ssty=0;"<-6>s*[1.155756015874758]"[latinmodern-math
.otf]/OT:script=math;language=dflt;+ssty=1;"
(fontspec)             - 'small caps'  (m/sc) with NFSS spec.: 
(fontspec)             - 'bold' (b/n) with NFSS spec.:
(fontspec)             <->s*[1.155756015874758]"[latinmodern-math.otf]/OT:scrip
t=math;language=dflt;"
(fontspec)             - 'bold small caps'  (b/sc) with NFSS spec.: 

LaTeX Font Info:    Font shape `TU/latinmodern-math.otf(1)/m/n' will be
(Font)              scaled to size 11.55762pt on input line 97.
LaTeX Font Info:    Encoding `OT1' has changed to `TU' for symbol font
(Font)              `operators' in the math version `normal' on input line 97.
LaTeX Font Info:    Overwriting symbol font `operators' in version `normal'
(Font)                  OT1/lmr/m/n --> TU/latinmodern-math.otf(1)/m/n on input
 line 97.
LaTeX Font Info:    Encoding `OT1' has changed to `TU' for symbol font
(Font)              `operators' in the math version `bold' on input line 97.
LaTeX Font Info:    Overwriting symbol font `operators' in version `bold'
(Font)                  OT1/lmr/bx/n --> TU/latinmodern-math.otf(1)/b/n on inpu
t line 97.

Package fontspec Info: latinmodern-math scale = 1.155756015874758.


Package fontspec Info: latinmodern-math scale = 1.155871591476345.


Package fontspec Info: latinmodern-math scale = 1.155756015874758.


Package fontspec Info: latinmodern-math scale = 1.155871591476345.


Package fontspec Info: latinmodern-math scale = 1.155756015874758.


Package fontspec Info: latinmodern-math scale = 1.155871591476345.


Package fontspec Info: latinmodern-math scale = 1.155756015874758.


Package fontspec Info: latinmodern-math scale = 1.155871591476345.


Package fontspec Info: latinmodern-math scale = 1.155756015874758.


Package fontspec Info: latinmodern-math scale = 1.155871591476345.


Package fontspec Info: Font family 'latinmodern-math.otf(2)' created for font
(fontspec)             'latinmodern-math.otf' with options
(fontspec)             [Scale=MatchLowercase,BoldItalicFont={},ItalicFont={},Sm
allCapsFont={},Script=Math,SizeFeatures={{Size=8.5-},{Size=6-8.5,Font=latinmode
rn-math.otf,Style=MathScript},{Size=-6,Font=latinmodern-math.otf,Style=MathScri
ptScript}},BoldFont={latinmodern-math.otf},ScaleAgain=1.0001,FontAdjustment={\f
ontdimen
(fontspec)             8\font =7.82451pt\relax \fontdimen 9\font
(fontspec)             =4.5537pt\relax \fontdimen 10\font =5.13158pt\relax
(fontspec)             \fontdimen 11\font =7.92853pt\relax \fontdimen 12\font
(fontspec)             =3.98738pt\relax \fontdimen 13\font =4.19542pt\relax
(fontspec)             \fontdimen 14\font =4.19542pt\relax \fontdimen 15\font
(fontspec)             =3.34015pt\relax \fontdimen 16\font =2.85474pt\relax
(fontspec)             \fontdimen 17\font =2.85474pt\relax \fontdimen 18\font
(fontspec)             =2.8894pt\relax \fontdimen 19\font =2.31152pt\relax
(fontspec)             \fontdimen 22\font =2.8894pt\relax \fontdimen 20\font
(fontspec)             =0pt\relax \fontdimen 21\font =0pt\relax }].
(fontspec)              
(fontspec)              This font family consists of the following NFSS
(fontspec)             series/shapes:
(fontspec)              
(fontspec)             - 'normal' (m/n) with NFSS spec.:
(fontspec)             <8.5->s*[1.155871591476345]"[latinmodern-math.otf]/OT:sc
ript=math;language=dflt;"<6-8.5>s*[1.155871591476345]"[latinmodern-math.otf]/OT
:script=math;language=dflt;+ssty=0;"<-6>s*[1.155871591476345]"[latinmodern-math
.otf]/OT:script=math;language=dflt;+ssty=1;"
(fontspec)             - 'small caps'  (m/sc) with NFSS spec.: 
(fontspec)             and font adjustment code:
(fontspec)             \fontdimen 8\font =7.82451pt\relax \fontdimen 9\font
(fontspec)             =4.5537pt\relax \fontdimen 10\font =5.13158pt\relax
(fontspec)             \fontdimen 11\font =7.92853pt\relax \fontdimen 12\font
(fontspec)             =3.98738pt\relax \fontdimen 13\font =4.19542pt\relax
(fontspec)             \fontdimen 14\font =4.19542pt\relax \fontdimen 15\font
(fontspec)             =3.34015pt\relax \fontdimen 16\font =2.85474pt\relax
(fontspec)             \fontdimen 17\font =2.85474pt\relax \fontdimen 18\font
(fontspec)             =2.8894pt\relax \fontdimen 19\font =2.31152pt\relax
(fontspec)             \fontdimen 22\font =2.8894pt\relax \fontdimen 20\font
(fontspec)             =0pt\relax \fontdimen 21\font =0pt\relax 
(fontspec)             - 'bold' (b/n) with NFSS spec.:
(fontspec)             <->s*[1.155871591476345]"[latinmodern-math.otf]/OT:scrip
t=math;language=dflt;"
(fontspec)             - 'bold small caps'  (b/sc) with NFSS spec.: 
(fontspec)             and font adjustment code:
(fontspec)             \fontdimen 8\font =7.82451pt\relax \fontdimen 9\font
(fontspec)             =4.5537pt\relax \fontdimen 10\font =5.13158pt\relax
(fontspec)             \fontdimen 11\font =7.92853pt\relax \fontdimen 12\font
(fontspec)             =3.98738pt\relax \fontdimen 13\font =4.19542pt\relax
(fontspec)             \fontdimen 14\font =4.19542pt\relax \fontdimen 15\font
(fontspec)             =3.34015pt\relax \fontdimen 16\font =2.85474pt\relax
(fontspec)             \fontdimen 17\font =2.85474pt\relax \fontdimen 18\font
(fontspec)             =2.8894pt\relax \fontdimen 19\font =2.31152pt\relax
(fontspec)             \fontdimen 22\font =2.8894pt\relax \fontdimen 20\font
(fontspec)             =0pt\relax \fontdimen 21\font =0pt\relax 

LaTeX Font Info:    Encoding `OMS' has changed to `TU' for symbol font
(Font)              `symbols' in the math version `normal' on input line 97.
LaTeX Font Info:    Overwriting symbol font `symbols' in version `normal'
(Font)                  OMS/lmsy/m/n --> TU/latinmodern-math.otf(2)/m/n on inpu
t line 97.
LaTeX Font Info:    Encoding `OMS' has changed to `TU' for symbol font
(Font)              `symbols' in the math version `bold' on input line 97.
LaTeX Font Info:    Overwriting symbol font `symbols' in version `bold'
(Font)                  OMS/lmsy/b/n --> TU/latinmodern-math.otf(2)/b/n on inpu
t line 97.

Package fontspec Info: latinmodern-math scale = 1.155756015874758.


Package fontspec Info: latinmodern-math scale = 1.155640440273171.


Package fontspec Info: latinmodern-math scale = 1.155756015874758.


Package fontspec Info: latinmodern-math scale = 1.155640440273171.


Package fontspec Info: latinmodern-math scale = 1.155756015874758.


Package fontspec Info: latinmodern-math scale = 1.155640440273171.


Package fontspec Info: latinmodern-math scale = 1.155756015874758.


Package fontspec Info: latinmodern-math scale = 1.155640440273171.


Package fontspec Info: latinmodern-math scale = 1.155756015874758.


Package fontspec Info: latinmodern-math scale = 1.155640440273171.


Package fontspec Info: Font family 'latinmodern-math.otf(3)' created for font
(fontspec)             'latinmodern-math.otf' with options
(fontspec)             [Scale=MatchLowercase,BoldItalicFont={},ItalicFont={},Sm
allCapsFont={},Script=Math,SizeFeatures={{Size=8.5-},{Size=6-8.5,Font=latinmode
rn-math.otf,Style=MathScript},{Size=-6,Font=latinmodern-math.otf,Style=MathScri
ptScript}},BoldFont={latinmodern-math.otf},ScaleAgain=0.9999,FontAdjustment={\f
ontdimen
(fontspec)             8\font =0.46231pt\relax \fontdimen 9\font
(fontspec)             =2.31152pt\relax \fontdimen 10\font =1.93011pt\relax
(fontspec)             \fontdimen 11\font =1.2829pt\relax \fontdimen 12\font
(fontspec)             =6.93457pt\relax \fontdimen 13\font =0pt\relax }].
(fontspec)              
(fontspec)              This font family consists of the following NFSS
(fontspec)             series/shapes:
(fontspec)              
(fontspec)             - 'normal' (m/n) with NFSS spec.:
(fontspec)             <8.5->s*[1.155640440273171]"[latinmodern-math.otf]/OT:sc
ript=math;language=dflt;"<6-8.5>s*[1.155640440273171]"[latinmodern-math.otf]/OT
:script=math;language=dflt;+ssty=0;"<-6>s*[1.155640440273171]"[latinmodern-math
.otf]/OT:script=math;language=dflt;+ssty=1;"
(fontspec)             - 'small caps'  (m/sc) with NFSS spec.: 
(fontspec)             and font adjustment code:
(fontspec)             \fontdimen 8\font =0.46231pt\relax \fontdimen 9\font
(fontspec)             =2.31152pt\relax \fontdimen 10\font =1.93011pt\relax
(fontspec)             \fontdimen 11\font =1.2829pt\relax \fontdimen 12\font
(fontspec)             =6.93457pt\relax \fontdimen 13\font =0pt\relax 
(fontspec)             - 'bold' (b/n) with NFSS spec.:
(fontspec)             <->s*[1.155640440273171]"[latinmodern-math.otf]/OT:scrip
t=math;language=dflt;"
(fontspec)             - 'bold small caps'  (b/sc) with NFSS spec.: 
(fontspec)             and font adjustment code:
(fontspec)             \fontdimen 8\font =0.46231pt\relax \fontdimen 9\font
(fontspec)             =2.31152pt\relax \fontdimen 10\font =1.93011pt\relax
(fontspec)             \fontdimen 11\font =1.2829pt\relax \fontdimen 12\font
(fontspec)             =6.93457pt\relax \fontdimen 13\font =0pt\relax 

LaTeX Font Info:    Encoding `OMX' has changed to `TU' for symbol font
(Font)              `largesymbols' in the math version `normal' on input line 9
7.
LaTeX Font Info:    Overwriting symbol font `largesymbols' in version `normal'
(Font)                  OMX/lmex/m/n --> TU/latinmodern-math.otf(3)/m/n on inpu
t line 97.
LaTeX Font Info:    Encoding `OMX' has changed to `TU' for symbol font
(Font)              `largesymbols' in the math version `bold' on input line 97.

LaTeX Font Info:    Overwriting symbol font `largesymbols' in version `bold'
(Font)                  OMX/lmex/m/n --> TU/latinmodern-math.otf(3)/b/n on inpu
t line 97.
LaTeX Info: Redefining \microtypecontext on input line 97.
Package microtype Info: Character protrusion enabled (level 2).
Package microtype Info: Using protrusion set `basicmath'.
Package microtype Info: No adjustment of tracking.
Package microtype Info: No adjustment of spacing.
Package microtype Info: No adjustment of kerning.
Package microtype Info: Loading generic protrusion settings for font family
(microtype)             `NanumGothic' (encoding: TU).
(microtype)             For optimal results, create family-specific settings.
(microtype)             See the microtype manual for details.

Package microtype Warning: Unknown slot number of character
(microtype)                `\'A'
(microtype)                in font encoding `TU' in inheritance list
(microtype)                `microtype.cfg/397(protrusion)'.


Package microtype Warning: Unknown slot number of character
(microtype)                `\~A'
(microtype)                in font encoding `TU' in inheritance list
(microtype)                `microtype.cfg/397(protrusion)'.


Package microtype Warning: Unknown slot number of character
(microtype)                `\"A'
(microtype)                in font encoding `TU' in inheritance list
(microtype)                `microtype.cfg/397(protrusion)'.


Package microtype Warning: Unknown slot number of character
(microtype)                `\r A'
(microtype)                in font encoding `TU' in inheritance list
(microtype)                `microtype.cfg/397(protrusion)'.


Package microtype Warning: Unknown slot number of character
(microtype)                `\k A'
(microtype)                in font encoding `TU' in inheritance list
(microtype)                `microtype.cfg/397(protrusion)'.


Package microtype Warning: Unknown slot number of character
(microtype)                `\u A'
(microtype)                in font encoding `TU' in inheritance list
(microtype)                `microtype.cfg/397(protrusion)'.


Package microtype Warning: Unknown slot number of character
(microtype)                `\'a'
(microtype)                in font encoding `TU' in inheritance list
(microtype)                `microtype.cfg/397(protrusion)'.


Package microtype Warning: Unknown slot number of character
(microtype)                `\~a'
(microtype)                in font encoding `TU' in inheritance list
(microtype)                `microtype.cfg/397(protrusion)'.


Package microtype Warning: Unknown slot number of character
(microtype)                `\"a'
(microtype)                in font encoding `TU' in inheritance list
(microtype)                `microtype.cfg/397(protrusion)'.


Package microtype Warning: Unknown slot number of character
(microtype)                `\r a'
(microtype)                in font encoding `TU' in inheritance list
(microtype)                `microtype.cfg/397(protrusion)'.


Package microtype Warning: Unknown slot number of character
(microtype)                `\k a'
(microtype)                in font encoding `TU' in inheritance list
(microtype)                `microtype.cfg/397(protrusion)'.


Package microtype Warning: Unknown slot number of character
(microtype)                `\u a'
(microtype)                in font encoding `TU' in inheritance list
(microtype)                `microtype.cfg/397(protrusion)'.


Package microtype Warning: Unknown slot number of character
(microtype)                `\'C'
(microtype)                in font encoding `TU' in inheritance list
(microtype)                `microtype.cfg/397(protrusion)'.


Package microtype Warning: Unknown slot number of character
(microtype)                `\v C'
(microtype)                in font encoding `TU' in inheritance list
(microtype)                `microtype.cfg/397(protrusion)'.


Package microtype Warning: Unknown slot number of character
(microtype)                `\'c'
(microtype)                in font encoding `TU' in inheritance list
(microtype)                `microtype.cfg/397(protrusion)'.


Package microtype Warning: Unknown slot number of character
(microtype)                `\v c'
(microtype)                in font encoding `TU' in inheritance list
(microtype)                `microtype.cfg/397(protrusion)'.


Package microtype Warning: Unknown slot number of character
(microtype)                `\v D'
(microtype)                in font encoding `TU' in inheritance list
(microtype)                `microtype.cfg/397(protrusion)'.


Package microtype Warning: Unknown slot number of character
(microtype)                `\v d'
(microtype)                in font encoding `TU' in inheritance list
(microtype)                `microtype.cfg/397(protrusion)'.


Package microtype Warning: Unknown slot number of character
(microtype)                `\k E'
(microtype)                in font encoding `TU' in inheritance list
(microtype)                `microtype.cfg/397(protrusion)'.


Package microtype Warning: Unknown slot number of character
(microtype)                `\v E'
(microtype)                in font encoding `TU' in inheritance list
(microtype)                `microtype.cfg/397(protrusion)'.


Package microtype Warning: Unknown slot number of character
(microtype)                `\k e'
(microtype)                in font encoding `TU' in inheritance list
(microtype)                `microtype.cfg/397(protrusion)'.


Package microtype Warning: Unknown slot number of character
(microtype)                `\v e'
(microtype)                in font encoding `TU' in inheritance list
(microtype)                `microtype.cfg/397(protrusion)'.


Package microtype Warning: Unknown slot number of character
(microtype)                `\u G'
(microtype)                in font encoding `TU' in inheritance list
(microtype)                `microtype.cfg/397(protrusion)'.


Package microtype Warning: Unknown slot number of character
(microtype)                `\u g'
(microtype)                in font encoding `TU' in inheritance list
(microtype)                `microtype.cfg/397(protrusion)'.


Package microtype Warning: Unknown slot number of character
(microtype)                `\`I'
(microtype)                in font encoding `TU' in inheritance list
(microtype)                `microtype.cfg/397(protrusion)'.


Package microtype Warning: Unknown slot number of character
(microtype)                `\'I'
(microtype)                in font encoding `TU' in inheritance list
(microtype)                `microtype.cfg/397(protrusion)'.


Package microtype Warning: Unknown slot number of character
(microtype)                `\.I'
(microtype)                in font encoding `TU' in inheritance list
(microtype)                `microtype.cfg/397(protrusion)'.


Package microtype Warning: Unknown slot number of character
(microtype)                `\`i'
(microtype)                in font encoding `TU' in inheritance list
(microtype)                `microtype.cfg/397(protrusion)'.


Package microtype Warning: Unknown slot number of character
(microtype)                `\'i'
(microtype)                in font encoding `TU' in inheritance list
(microtype)                `microtype.cfg/397(protrusion)'.


Package microtype Warning: Unknown slot number of character
(microtype)                `\'L'
(microtype)                in font encoding `TU' in inheritance list
(microtype)                `microtype.cfg/397(protrusion)'.


Package microtype Warning: Unknown slot number of character
(microtype)                `\v L'
(microtype)                in font encoding `TU' in inheritance list
(microtype)                `microtype.cfg/397(protrusion)'.


Package microtype Warning: Unknown slot number of character
(microtype)                `\'l'
(microtype)                in font encoding `TU' in inheritance list
(microtype)                `microtype.cfg/397(protrusion)'.


Package microtype Warning: Unknown slot number of character
(microtype)                `\v l'
(microtype)                in font encoding `TU' in inheritance list
(microtype)                `microtype.cfg/397(protrusion)'.


Package microtype Warning: Unknown slot number of character
(microtype)                `\'N'
(microtype)                in font encoding `TU' in inheritance list
(microtype)                `microtype.cfg/397(protrusion)'.


Package microtype Warning: Unknown slot number of character
(microtype)                `\~N'
(microtype)                in font encoding `TU' in inheritance list
(microtype)                `microtype.cfg/397(protrusion)'.


Package microtype Warning: Unknown slot number of character
(microtype)                `\v N'
(microtype)                in font encoding `TU' in inheritance list
(microtype)                `microtype.cfg/397(protrusion)'.


Package microtype Warning: Unknown slot number of character
(microtype)                `\'n'
(microtype)                in font encoding `TU' in inheritance list
(microtype)                `microtype.cfg/397(protrusion)'.


Package microtype Warning: Unknown slot number of character
(microtype)                `\~n'
(microtype)                in font encoding `TU' in inheritance list
(microtype)                `microtype.cfg/397(protrusion)'.


Package microtype Warning: Unknown slot number of character
(microtype)                `\v n'
(microtype)                in font encoding `TU' in inheritance list
(microtype)                `microtype.cfg/397(protrusion)'.


Package microtype Warning: Unknown slot number of character
(microtype)                `\`O'
(microtype)                in font encoding `TU' in inheritance list
(microtype)                `microtype.cfg/397(protrusion)'.


Package microtype Warning: Unknown slot number of character
(microtype)                `\'O'
(microtype)                in font encoding `TU' in inheritance list
(microtype)                `microtype.cfg/397(protrusion)'.


Package microtype Warning: Unknown slot number of character
(microtype)                `\~O'
(microtype)                in font encoding `TU' in inheritance list
(microtype)                `microtype.cfg/397(protrusion)'.


Package microtype Warning: Unknown slot number of character
(microtype)                `\"O'
(microtype)                in font encoding `TU' in inheritance list
(microtype)                `microtype.cfg/397(protrusion)'.


Package microtype Warning: Unknown slot number of character
(microtype)                `\H O'
(microtype)                in font encoding `TU' in inheritance list
(microtype)                `microtype.cfg/397(protrusion)'.


Package microtype Warning: Unknown slot number of character
(microtype)                `\`o'
(microtype)                in font encoding `TU' in inheritance list
(microtype)                `microtype.cfg/397(protrusion)'.


Package microtype Warning: Unknown slot number of character
(microtype)                `\'o'
(microtype)                in font encoding `TU' in inheritance list
(microtype)                `microtype.cfg/397(protrusion)'.


Package microtype Warning: Unknown slot number of character
(microtype)                `\~o'
(microtype)                in font encoding `TU' in inheritance list
(microtype)                `microtype.cfg/397(protrusion)'.


Package microtype Warning: Unknown slot number of character
(microtype)                `\"o'
(microtype)                in font encoding `TU' in inheritance list
(microtype)                `microtype.cfg/397(protrusion)'.


Package microtype Warning: Unknown slot number of character
(microtype)                `\H o'
(microtype)                in font encoding `TU' in inheritance list
(microtype)                `microtype.cfg/397(protrusion)'.


Package microtype Warning: Unknown slot number of character
(microtype)                `\'R'
(microtype)                in font encoding `TU' in inheritance list
(microtype)                `microtype.cfg/397(protrusion)'.


Package microtype Warning: Unknown slot number of character
(microtype)                `\v R'
(microtype)                in font encoding `TU' in inheritance list
(microtype)                `microtype.cfg/397(protrusion)'.


Package microtype Warning: Unknown slot number of character
(microtype)                `\'r'
(microtype)                in font encoding `TU' in inheritance list
(microtype)                `microtype.cfg/397(protrusion)'.


Package microtype Warning: Unknown slot number of character
(microtype)                `\v r'
(microtype)                in font encoding `TU' in inheritance list
(microtype)                `microtype.cfg/397(protrusion)'.


Package microtype Warning: Unknown slot number of character
(microtype)                `\'S'
(microtype)                in font encoding `TU' in inheritance list
(microtype)                `microtype.cfg/397(protrusion)'.


Package microtype Warning: Unknown slot number of character
(microtype)                `\c S'
(microtype)                in font encoding `TU' in inheritance list
(microtype)                `microtype.cfg/397(protrusion)'.


Package microtype Warning: Unknown slot number of character
(microtype)                `\v S'
(microtype)                in font encoding `TU' in inheritance list
(microtype)                `microtype.cfg/397(protrusion)'.


Package microtype Warning: Unknown slot number of character
(microtype)                `\'s'
(microtype)                in font encoding `TU' in inheritance list
(microtype)                `microtype.cfg/397(protrusion)'.


Package microtype Warning: Unknown slot number of character
(microtype)                `\c s'
(microtype)                in font encoding `TU' in inheritance list
(microtype)                `microtype.cfg/397(protrusion)'.


Package microtype Warning: Unknown slot number of character
(microtype)                `\v s'
(microtype)                in font encoding `TU' in inheritance list
(microtype)                `microtype.cfg/397(protrusion)'.


Package microtype Warning: Unknown slot number of character
(microtype)                `\c T'
(microtype)                in font encoding `TU' in inheritance list
(microtype)                `microtype.cfg/397(protrusion)'.


Package microtype Warning: Unknown slot number of character
(microtype)                `\v T'
(microtype)                in font encoding `TU' in inheritance list
(microtype)                `microtype.cfg/397(protrusion)'.


Package microtype Warning: Unknown slot number of character
(microtype)                `\c t'
(microtype)                in font encoding `TU' in inheritance list
(microtype)                `microtype.cfg/397(protrusion)'.


Package microtype Warning: Unknown slot number of character
(microtype)                `\v t'
(microtype)                in font encoding `TU' in inheritance list
(microtype)                `microtype.cfg/397(protrusion)'.


Package microtype Warning: Unknown slot number of character
(microtype)                `\'U'
(microtype)                in font encoding `TU' in inheritance list
(microtype)                `microtype.cfg/397(protrusion)'.


Package microtype Warning: Unknown slot number of character
(microtype)                `\H U'
(microtype)                in font encoding `TU' in inheritance list
(microtype)                `microtype.cfg/397(protrusion)'.


Package microtype Warning: Unknown slot number of character
(microtype)                `\r U'
(microtype)                in font encoding `TU' in inheritance list
(microtype)                `microtype.cfg/397(protrusion)'.


Package microtype Warning: Unknown slot number of character
(microtype)                `\'u'
(microtype)                in font encoding `TU' in inheritance list
(microtype)                `microtype.cfg/397(protrusion)'.


Package microtype Warning: Unknown slot number of character
(microtype)                `\H u'
(microtype)                in font encoding `TU' in inheritance list
(microtype)                `microtype.cfg/397(protrusion)'.


Package microtype Warning: Unknown slot number of character
(microtype)                `\r u'
(microtype)                in font encoding `TU' in inheritance list
(microtype)                `microtype.cfg/397(protrusion)'.


Package microtype Warning: Unknown slot number of character
(microtype)                `\'Y'
(microtype)                in font encoding `TU' in inheritance list
(microtype)                `microtype.cfg/397(protrusion)'.


Package microtype Warning: Unknown slot number of character
(microtype)                `\"Y'
(microtype)                in font encoding `TU' in inheritance list
(microtype)                `microtype.cfg/397(protrusion)'.


Package microtype Warning: Unknown slot number of character
(microtype)                `\'y'
(microtype)                in font encoding `TU' in inheritance list
(microtype)                `microtype.cfg/397(protrusion)'.


Package microtype Warning: Unknown slot number of character
(microtype)                `\"y'
(microtype)                in font encoding `TU' in inheritance list
(microtype)                `microtype.cfg/397(protrusion)'.


Package microtype Warning: Unknown slot number of character
(microtype)                `\'Z'
(microtype)                in font encoding `TU' in inheritance list
(microtype)                `microtype.cfg/397(protrusion)'.


Package microtype Warning: Unknown slot number of character
(microtype)                `\.Z'
(microtype)                in font encoding `TU' in inheritance list
(microtype)                `microtype.cfg/397(protrusion)'.


Package microtype Warning: Unknown slot number of character
(microtype)                `\v Z'
(microtype)                in font encoding `TU' in inheritance list
(microtype)                `microtype.cfg/397(protrusion)'.


Package microtype Warning: Unknown slot number of character
(microtype)                `\'z'
(microtype)                in font encoding `TU' in inheritance list
(microtype)                `microtype.cfg/397(protrusion)'.


Package microtype Warning: Unknown slot number of character
(microtype)                `\.z'
(microtype)                in font encoding `TU' in inheritance list
(microtype)                `microtype.cfg/397(protrusion)'.


Package microtype Warning: Unknown slot number of character
(microtype)                `\v z'
(microtype)                in font encoding `TU' in inheritance list
(microtype)                `microtype.cfg/397(protrusion)'.

Package microtype Info: Character `\quotesinglbase ' is missing
(microtype)             in font `\TU/NanumGothic(0)/m/n/10'.
(microtype)             Ignoring protrusion settings for this character.
Package microtype Info: Character `\quotedblbase ' is missing
(microtype)             in font `\TU/NanumGothic(0)/m/n/10'.
(microtype)             Ignoring protrusion settings for this character.
Package hyperref Info: Link coloring OFF on input line 97.
(/usr/local/texlive/2021/texmf-dist/tex/latex/hyperref/nameref.sty
Package: nameref 2021-04-02 v2.47 Cross-referencing by name of section
(/usr/local/texlive/2021/texmf-dist/tex/latex/refcount/refcount.sty
Package: refcount 2019/12/15 v3.6 Data extraction from label references (HO)
)
(/usr/local/texlive/2021/texmf-dist/tex/generic/gettitlestring/gettitlestring.s
ty
Package: gettitlestring 2019/12/15 v1.6 Cleanup title references (HO)
)
\c@section@level=\count312
)
LaTeX Info: Redefining \ref on input line 97.
LaTeX Info: Redefining \pageref on input line 97.
LaTeX Info: Redefining \nameref on input line 97.
LaTeX Font Info:    Font shape `TU/NanumGothic(0)/m/n' will be
(Font)              scaled to size 17.28pt on input line 99.
LaTeX Font Info:    Font shape `TU/NanumGothic(0)/m/n' will be
(Font)              scaled to size 12.0pt on input line 99.
Package microtype Info: Character `\quotesinglbase ' is missing
(microtype)             in font `\TU/NanumGothic(0)/m/n/12'.
(microtype)             Ignoring protrusion settings for this character.
Package microtype Info: Character `\quotedblbase ' is missing
(microtype)             in font `\TU/NanumGothic(0)/m/n/12'.
(microtype)             Ignoring protrusion settings for this character.
LaTeX Font Info:    Font shape `TU/latinmodern-math.otf(1)/m/n' will be
(Font)              scaled to size 13.86914pt on input line 99.
LaTeX Font Info:    Font shape `TU/latinmodern-math.otf(1)/m/n' will be
(Font)              scaled to size 9.2461pt on input line 99.
LaTeX Font Info:    Font shape `TU/latinmodern-math.otf(1)/m/n' will be
(Font)              scaled to size 6.93457pt on input line 99.
LaTeX Font Info:    Trying to load font information for OML+lmm on input line 9
9.
(/usr/local/texlive/2021/texmf-dist/tex/latex/lm/omllmm.fd
File: omllmm.fd 2015/05/01 v1.6.1 Font defs for Latin Modern
)
LaTeX Font Info:    Font shape `TU/latinmodern-math.otf(2)/m/n' will be
(Font)              scaled to size 13.87042pt on input line 99.
LaTeX Font Info:    Font shape `TU/latinmodern-math.otf(2)/m/n' will be
(Font)              scaled to size 9.24695pt on input line 99.
LaTeX Font Info:    Font shape `TU/latinmodern-math.otf(2)/m/n' will be
(Font)              scaled to size 6.93521pt on input line 99.
LaTeX Font Info:    Font shape `TU/latinmodern-math.otf(3)/m/n' will be
(Font)              scaled to size 13.86768pt on input line 99.
LaTeX Font Info:    Font shape `TU/latinmodern-math.otf(3)/m/n' will be
(Font)              scaled to size 9.24512pt on input line 99.
LaTeX Font Info:    Font shape `TU/latinmodern-math.otf(3)/m/n' will be
(Font)              scaled to size 6.93384pt on input line 99.
[1


]

LaTeX Font Warning: Font shape `TU/NanumGothic(0)/m/sl' undefined
(Font)              using `TU/NanumGothic(0)/m/n' instead on input line 102.

[2

]
LaTeX Font Info:    Font shape `TU/NanumGothic(0)/m/n' will be
(Font)              scaled to size 24.88pt on input line 102.
LaTeX Font Info:    Font shape `TU/NanumGothic(0)/b/n' will be
(Font)              scaled to size 24.88pt on input line 102.
(./MigrainePrevention.toc
LaTeX Font Info:    Font shape `TU/NanumGothic(0)/b/n' will be
(Font)              scaled to size 10.0pt on input line 1.
LaTeX Font Info:    Font shape `TU/latinmodern-math.otf(1)/m/n' will be
(Font)              scaled to size 8.09033pt on input line 4.
LaTeX Font Info:    Font shape `TU/latinmodern-math.otf(1)/m/n' will be
(Font)              scaled to size 5.77881pt on input line 4.
LaTeX Font Info:    Font shape `TU/latinmodern-math.otf(2)/m/n' will be
(Font)              scaled to size 11.55869pt on input line 4.
LaTeX Font Info:    Font shape `TU/latinmodern-math.otf(2)/m/n' will be
(Font)              scaled to size 8.09108pt on input line 4.
LaTeX Font Info:    Font shape `TU/latinmodern-math.otf(2)/m/n' will be
(Font)              scaled to size 5.77934pt on input line 4.
LaTeX Font Info:    Font shape `TU/latinmodern-math.otf(3)/m/n' will be
(Font)              scaled to size 11.5564pt on input line 4.
LaTeX Font Info:    Font shape `TU/latinmodern-math.otf(3)/m/n' will be
(Font)              scaled to size 8.08948pt on input line 4.
LaTeX Font Info:    Font shape `TU/latinmodern-math.otf(3)/m/n' will be
(Font)              scaled to size 5.7782pt on input line 4.
[3])
\tf@toc=\write3
\openout3 = `MigrainePrevention.toc'.

LaTeX Font Info:    Font shape `TU/NanumGothic(0)/m/sl' will be
(Font)              scaled to size 10.0pt on input line 104.
Package microtype Info: Character `\quotesinglbase ' is missing
(microtype)             in font `\TU/NanumGothic(0)/m/sl/10'.
(microtype)             Ignoring protrusion settings for this character.
Package microtype Info: Character `\quotedblbase ' is missing
(microtype)             in font `\TU/NanumGothic(0)/m/sl/10'.
(microtype)             Ignoring protrusion settings for this character.
[4]
Underfull \hbox (badness 2698) in paragraph at lines 114--115
\TU/NanumGothic(0)/m/sl/10          
 []


Underfull \hbox (badness 3547) in paragraph at lines 116--117
\TU/NanumGothic(0)/m/sl/10       .  
 []

[1


] [2

]
Underfull \hbox (badness 2529) in paragraph at lines 126--127
\TU/NanumGothic(0)/m/sl/10   20    
 []


Underfull \hbox (badness 1540) in paragraph at lines 128--129
[]\TU/NanumGothic(0)/m/sl/10   2002  , 2009 
 []


Underfull \hbox (badness 1102) in paragraph at lines 130--131
\TU/NanumGothic(0)/m/sl/10     . 2016   
 []


Underfull \hbox (badness 1577) in paragraph at lines 130--131
\TU/NanumGothic(0)/m/sl/10        
 []


Underfull \hbox (badness 1142) in paragraph at lines 130--131
\TU/NanumGothic(0)/m/sl/10          
 []

[3] [4]
Chapter 1.
LaTeX Font Info:    Font shape `TU/NanumGothic(0)/m/n' will be
(Font)              scaled to size 20.74pt on input line 141.
LaTeX Font Info:    Font shape `TU/NanumGothic(0)/b/n' will be
(Font)              scaled to size 20.74pt on input line 141.
LaTeX Font Info:    Font shape `TU/NanumGothic(0)/m/n' will be
(Font)              scaled to size 14.4pt on input line 144.
LaTeX Font Info:    Font shape `TU/NanumGothic(0)/b/n' will be
(Font)              scaled to size 14.4pt on input line 144.
LaTeX Font Info:    Font shape `TU/NanumGothic(0)/m/n' will be
(Font)              scaled to size 7.0pt on input line 150.
LaTeX Font Info:    Font shape `TU/NanumGothic(0)/m/n' will be
(Font)              scaled to size 8.0pt on input line 167.
Package microtype Info: Character `\quotesinglbase ' is missing
(microtype)             in font `\TU/NanumGothic(0)/m/n/8'.
(microtype)             Ignoring protrusion settings for this character.
Package microtype Info: Character `\quotedblbase ' is missing
(microtype)             in font `\TU/NanumGothic(0)/m/n/8'.
(microtype)             Ignoring protrusion settings for this character.
LaTeX Font Info:    Font shape `TU/NanumGothic(0)/m/n' will be
(Font)              scaled to size 6.0pt on input line 167.

Overfull \hbox (8.93335pt too wide) in paragraph at lines 150--169
[]\TU/NanumGothic(0)/m/sl/10      
 []


Underfull \hbox (badness 1292) in paragraph at lines 169--171
[]\TU/NanumGothic(0)/m/sl/10  1)( )   
 []


Underfull \hbox (badness 1107) in paragraph at lines 169--171
\TU/NanumGothic(0)/m/sl/10         
 []


Overfull \hbox (15.69603pt too wide) in alignment at lines 183--183
 [] [] 
 []


Overfull \hbox (15.69603pt too wide) in alignment at lines 183--183
 [] [] 
 []


Underfull \hbox (badness 5985) in paragraph at lines 171--185
\TU/NanumGothic(0)/m/sl/10 [][][]    . (:
 []


Underfull \hbox (badness 10000) in paragraph at lines 185--187
[]\TU/NanumGothic(0)/m/sl/10      
 []


Underfull \hbox (badness 10000) in paragraph at lines 185--187
\TU/NanumGothic(0)/m/sl/10      
 []


Underfull \hbox (badness 1052) in paragraph at lines 185--187
\TU/NanumGothic(0)/m/sl/10  (: /)   
 []


Underfull \hbox (badness 2277) in paragraph at lines 187--188
[]\TU/NanumGothic(0)/m/sl/10        
 []


Overfull \vbox (135.40694pt too high) has occurred while \output is active []

[1


] [2]
Underfull \hbox (badness 1067) in paragraph at lines 246--247
[]\TU/NanumGothic(0)/m/sl/10        
 []

[3]
Underfull \hbox (badness 4341) in paragraph at lines 295--296
\TU/NanumGothic(0)/m/sl/10      , 
 []


Underfull \hbox (badness 5345) in paragraph at lines 299--300
\TU/NanumGothic(0)/m/sl/10    , , ,
 []

[4] [5] [6

]
Chapter 2.

Underfull \hbox (badness 2932) in paragraph at lines 377--378
\TU/NanumGothic(0)/m/sl/10    ,    10%  
 []


Underfull \hbox (badness 1215) in paragraph at lines 379--380
[]\TU/NanumGothic(0)/m/sl/10        30 50
 []


Underfull \hbox (badness 3439) in paragraph at lines 379--380
\TU/NanumGothic(0)/m/sl/10   ,      
 []


Underfull \hbox (badness 1067) in paragraph at lines 379--380
\TU/NanumGothic(0)/m/sl/10   10  ,    
 []


Overfull \hbox (6.16667pt too wide) in paragraph at lines 381--382
[]\TU/NanumGothic(0)/m/sl/10 (World Health Organization) 2013 
(Global
 []


Underfull \hbox (badness 1142) in paragraph at lines 385--386
\TU/NanumGothic(0)/m/sl/10          
 []

[7] [8]
Chapter 3.

Underfull \hbox (badness 4752) in paragraph at lines 397--398
\TU/NanumGothic(0)/m/sl/10         
 []


Underfull \hbox (badness 2253) in paragraph at lines 397--398
\TU/NanumGothic(0)/m/sl/10 , ,       .
 []


Underfull \hbox (badness 1577) in paragraph at lines 397--398
\TU/NanumGothic(0)/m/sl/10        
 []


Underfull \hbox (badness 4168) in paragraph at lines 399--400
[]\TU/NanumGothic(0)/m/sl/10        
 []


Underfull \hbox (badness 5592) in paragraph at lines 399--400
\TU/NanumGothic(0)/m/sl/10  ,      ,
 []


Underfull \hbox (badness 1354) in paragraph at lines 399--400
\TU/NanumGothic(0)/m/sl/10      .  
 []


Underfull \hbox (badness 6708) in paragraph at lines 399--400
\TU/NanumGothic(0)/m/sl/10 ,        
 []


Underfull \hbox (badness 4168) in paragraph at lines 399--400
\TU/NanumGothic(0)/m/sl/10        
 []


Underfull \hbox (badness 1577) in paragraph at lines 399--400
\TU/NanumGothic(0)/m/sl/10        
 []


Overfull \hbox (8.93335pt too wide) in paragraph at lines 405--424
[]\TU/NanumGothic(0)/m/sl/10      
 []

[9

]
Underfull \hbox (badness 1292) in paragraph at lines 424--426
[]\TU/NanumGothic(0)/m/sl/10  1)( )   
 []


Underfull \hbox (badness 1107) in paragraph at lines 424--426
\TU/NanumGothic(0)/m/sl/10         
 []


Overfull \hbox (15.69603pt too wide) in alignment at lines 438--438
 [] [] 
 []


Overfull \hbox (15.69603pt too wide) in alignment at lines 438--438
 [] [] 
 []


Underfull \hbox (badness 5985) in paragraph at lines 426--440
\TU/NanumGothic(0)/m/sl/10 [][][]    . (:
 []


Underfull \hbox (badness 10000) in paragraph at lines 440--442
[]\TU/NanumGothic(0)/m/sl/10      
 []


Underfull \hbox (badness 10000) in paragraph at lines 440--442
\TU/NanumGothic(0)/m/sl/10      
 []


Underfull \hbox (badness 1052) in paragraph at lines 440--442
\TU/NanumGothic(0)/m/sl/10  (: /)   
 []


Underfull \hbox (badness 2277) in paragraph at lines 442--443
[]\TU/NanumGothic(0)/m/sl/10        
 []


Overfull \vbox (50.35867pt too high) has occurred while \output is active []

[10]
Underfull \hbox (badness 3826) in paragraph at lines 499--500
\TU/NanumGothic(0)/m/sl/10   (prapronolol), (metoprolol),
 []


Overfull \hbox (10.51004pt too wide) in paragraph at lines 499--500
\TU/NanumGothic(0)/m/sl/10 (atenolol), (nadolol), (nevibolol), 
(bisoprolol),
 []

[11]
Underfull \hbox (badness 1424) in paragraph at lines 503--504
\TU/NanumGothic(0)/m/sl/10    class II     
 []


Underfull \hbox (badness 1112) in paragraph at lines 503--504
\TU/NanumGothic(0)/m/sl/10  26      
 []


Underfull \hbox (badness 1308) in paragraph at lines 503--504
\TU/NanumGothic(0)/m/sl/10 ,   50%      
 []


Underfull \hbox (badness 2689) in paragraph at lines 503--504
\TU/NanumGothic(0)/m/sl/10  (standardized mean difference) -0.40  (
95%
 []


Underfull \hbox (badness 2717) in paragraph at lines 503--504
\TU/NanumGothic(0)/m/sl/10  -0.56, -0.24).  ( ,
 []


Underfull \hbox (badness 6658) in paragraph at lines 503--504
\TU/NanumGothic(0)/m/sl/10  14     
 []


Underfull \hbox (badness 3240) in paragraph at lines 503--504
\TU/NanumGothic(0)/m/sl/10  39      
 []


Underfull \hbox (badness 7981) in paragraph at lines 503--504
\TU/NanumGothic(0)/m/sl/10  , 3     
 []


Underfull \hbox (badness 2158) in paragraph at lines 503--504
\TU/NanumGothic(0)/m/sl/10         
 []


Underfull \hbox (badness 4752) in paragraph at lines 507--508
\TU/NanumGothic(0)/m/sl/10         
 []

[12]
Underfull \hbox (badness 1424) in paragraph at lines 515--516
[]\TU/NanumGothic(0)/m/sl/10         class II
 []


Underfull \hbox (badness 3579) in paragraph at lines 555--557
\TU/NanumGothic(0)/m/sl/10 Database of Systematic Reviews 2013 Cochrane Databas
e Syst
 []

[13]
Underfull \hbox (badness 10000) in paragraph at lines 573--574
\TU/NanumGothic(0)/m/sl/10 (nicardipine), (nifedipine), (nimodipin
e),
 []


Underfull \hbox (badness 3646) in paragraph at lines 573--574
\TU/NanumGothic(0)/m/sl/10 (verapamil)  .    
 []


Underfull \hbox (badness 10000) in paragraph at lines 573--574
\TU/NanumGothic(0)/m/sl/10        (flunarizine) 
 []


Underfull \hbox (badness 1484) in paragraph at lines 573--574
\TU/NanumGothic(0)/m/sl/10 (cinnarizine)       
 []


Underfull \hbox (badness 4205) in paragraph at lines 581--582
\TU/NanumGothic(0)/m/sl/10   .  80mg     
 []


Underfull \hbox (badness 1515) in paragraph at lines 581--582
\TU/NanumGothic(0)/m/sl/10    640mg    .  
 []

[14]
Underfull \hbox (badness 3460) in paragraph at lines 585--586
[]\TU/NanumGothic(0)/m/sl/10       
 []


Underfull \hbox (badness 2617) in paragraph at lines 585--586
\TU/NanumGothic(0)/m/sl/10      
 []


Underfull \hbox (badness 4531) in paragraph at lines 585--586
\TU/NanumGothic(0)/m/sl/10 (10mg/) 4      8, 12
 []


Underfull \hbox (badness 2698) in paragraph at lines 589--591
\TU/NanumGothic(0)/m/sl/10          
 []


Underfull \hbox (badness 3439) in paragraph at lines 589--591
\TU/NanumGothic(0)/m/sl/10   ,      
 []

[15]
Underfull \hbox (badness 1067) in paragraph at lines 606--607
[]\TU/NanumGothic(0)/m/sl/10        
 []


Underfull \hbox (badness 3646) in paragraph at lines 616--618
[]\TU/NanumGothic(0)/m/sl/10 Evidence-based guideline update: Pharmacologic tre
atment for
 []


Overfull \hbox (34.99185pt too wide) in paragraph at lines 630--630
[]\TU/NanumGothic(0)/b/n/14.4    
 []


Underfull \hbox (badness 7468) in paragraph at lines 636--637
\TU/NanumGothic(0)/m/sl/10     
 []


Underfull \hbox (badness 3989) in paragraph at lines 636--637
\TU/NanumGothic(0)/m/sl/10      .    
 []


Underfull \hbox (badness 10000) in paragraph at lines 636--637
\TU/NanumGothic(0)/m/sl/10  (enalapril)   
 []


Underfull \hbox (badness 1931) in paragraph at lines 636--637
\TU/NanumGothic(0)/m/sl/10      ,    
 []


Underfull \hbox (badness 1789) in paragraph at lines 636--637
\TU/NanumGothic(0)/m/sl/10        . 
 []

[16]
Underfull \hbox (badness 2096) in paragraph at lines 640--641
[]\TU/NanumGothic(0)/m/sl/10     2   .
 []


Underfull \hbox (badness 3849) in paragraph at lines 640--641
\TU/NanumGothic(0)/m/sl/10  , ,    
 []


Underfull \hbox (badness 6188) in paragraph at lines 642--643
\TU/NanumGothic(0)/m/sl/10 , , , ,  (
 []


Underfull \hbox (badness 10000) in paragraph at lines 642--643
\TU/NanumGothic(0)/m/sl/10  50% )    ,
 []


Overfull \hbox (6.28668pt too wide) in paragraph at lines 646--647
[]\TU/NanumGothic(0)/m/sl/10    1 , 3 (,
 []


Underfull \hbox (badness 4391) in paragraph at lines 646--647
\TU/NanumGothic(0)/m/sl/10 , )      .
 []


Underfull \hbox (badness 6047) in paragraph at lines 646--647
\TU/NanumGothic(0)/m/sl/10  , ,  ,  
 []

[17]
Underfull \hbox (badness 1577) in paragraph at lines 686--687
\TU/NanumGothic(0)/m/sl/10        
 []


Underfull \hbox (badness 10000) in paragraph at lines 686--687
\TU/NanumGothic(0)/m/sl/10  (amitriptyline), (nortriptyline
),
 []


Underfull \hbox (badness 1577) in paragraph at lines 690--691
[]\TU/NanumGothic(0)/m/sl/10        
 []


Underfull \hbox (badness 10000) in paragraph at lines 690--691
\TU/NanumGothic(0)/m/sl/10     
 []


Underfull \hbox (badness 7777) in paragraph at lines 690--691
\TU/NanumGothic(0)/m/sl/10       .
 []


Overfull \hbox (19.52pt too wide) in paragraph at lines 690--691
\TU/NanumGothic(0)/m/sl/10  (topiramate)  
 []


Overfull \hbox (34.66667pt too wide) in paragraph at lines 690--691
\TU/NanumGothic(0)/m/sl/10        
 []


Underfull \hbox (badness 7468) in paragraph at lines 690--691
\TU/NanumGothic(0)/m/sl/10     
 []


Underfull \hbox (badness 1142) in paragraph at lines 690--691
\TU/NanumGothic(0)/m/sl/10          
 []


Underfull \hbox (badness 2521) in paragraph at lines 690--691
\TU/NanumGothic(0)/m/sl/10   .  (melatonin) 
 []


Underfull \hbox (badness 1577) in paragraph at lines 690--691
\TU/NanumGothic(0)/m/sl/10        
 []


Underfull \hbox (badness 1577) in paragraph at lines 690--691
\TU/NanumGothic(0)/m/sl/10        
 []


Underfull \hbox (badness 7649) in paragraph at lines 690--691
\TU/NanumGothic(0)/m/sl/10 ( )     (
 []

[18]
Overfull \hbox (12.91891pt too wide) in paragraph at lines 694--695
\TU/NanumGothic(0)/m/sl/10        . 
 []


Underfull \hbox (badness 10000) in paragraph at lines 702--703
[]\TU/NanumGothic(0)/m/sl/10     (active
 []


Underfull \hbox (badness 1142) in paragraph at lines 702--703
\TU/NanumGothic(0)/m/sl/10          
 []


Underfull \hbox (badness 4168) in paragraph at lines 702--703
\TU/NanumGothic(0)/m/sl/10        
 []


Underfull \hbox (badness 3460) in paragraph at lines 702--703
\TU/NanumGothic(0)/m/sl/10       
 []


Overfull \hbox (0.86668pt too wide) in paragraph at lines 706--707
[]\TU/NanumGothic(0)/m/sl/10     
 []


Underfull \hbox (badness 5862) in paragraph at lines 706--707
\TU/NanumGothic(0)/m/sl/10    (imipramine, doxepine )
 []

[19] [20]
Underfull \hbox (badness 6842) in paragraph at lines 756--757
\TU/NanumGothic(0)/m/sl/10   GABA (gamma-aminobutyric acid)   
 []


Underfull \hbox (badness 1406) in paragraph at lines 756--757
\TU/NanumGothic(0)/m/sl/10        .
 []


Underfull \hbox (badness 2158) in paragraph at lines 756--757
\TU/NanumGothic(0)/m/sl/10         
 []


Underfull \hbox (badness 5359) in paragraph at lines 756--757
\TU/NanumGothic(0)/m/sl/10  .     
 []


Underfull \hbox (badness 7415) in paragraph at lines 756--757
\TU/NanumGothic(0)/m/sl/10   (topiramate), (valproic acid,
 []


Underfull \hbox (badness 7888) in paragraph at lines 756--757
\TU/NanumGothic(0)/m/sl/10 divalproex sodium), (gabapentin), (levetir
acetam),
 []


Underfull \hbox (badness 7468) in paragraph at lines 763--764
[]\TU/NanumGothic(0)/m/sl/10   462    26 
 []


Underfull \hbox (badness 2735) in paragraph at lines 763--764
\TU/NanumGothic(0)/m/sl/10   .  50mg  
 []

[21]
Underfull \hbox (badness 2512) in paragraph at lines 771--772
\TU/NanumGothic(0)/m/sl/10      . 
 []


Underfull \hbox (badness 1454) in paragraph at lines 775--776
[]\TU/NanumGothic(0)/m/sl/10 500-1500mg    510  12
 []


Underfull \hbox (badness 5519) in paragraph at lines 777--778
[]\TU/NanumGothic(0)/m/sl/10       3 
 []


Underfull \hbox (badness 10000) in paragraph at lines 785--786
\TU/NanumGothic(0)/m/sl/10    250mg/  1000mg/
 []

[22]
Underfull \hbox (badness 1142) in paragraph at lines 791--793
[]\TU/NanumGothic(0)/m/sl/10          
 []


Underfull \hbox (badness 1354) in paragraph at lines 791--793
\TU/NanumGothic(0)/m/sl/10 .       
 []


Underfull \hbox (badness 1354) in paragraph at lines 791--793
\TU/NanumGothic(0)/m/sl/10    .    
 []


Underfull \hbox (badness 4341) in paragraph at lines 810--811
\TU/NanumGothic(0)/m/sl/10      , 
 []


Underfull \hbox (badness 5345) in paragraph at lines 814--815
\TU/NanumGothic(0)/m/sl/10    , , ,
 []

[23]
Underfull \hbox (badness 1215) in paragraph at lines 830--832
\TU/NanumGothic(0)/m/sl/10 acid or sodium valproate or a combination of the two
) for the
 []


Underfull \hbox (badness 1648) in paragraph at lines 832--834
\TU/NanumGothic(0)/m/sl/10 prophylaxis: a randomized controlled trial. Acta Neu
rol Scand
 []

[24]
Appendix A.

Underfull \hbox (badness 1303) in paragraph at lines 858--859
\TU/NanumGothic(0)/m/sl/10        ,
 []


Underfull \hbox (badness 1354) in paragraph at lines 860--861
\TU/NanumGothic(0)/m/sl/10    .    
 []


Underfull \hbox (badness 10000) in paragraph at lines 868--870
[]\TU/NanumGothic(0)/m/sl/10  (///):   2 
 []


Overfull \hbox (3.5189pt too wide) in paragraph at lines 875--876
[]\TU/NanumGothic(0)/m/sl/10        . 
 []

[25


]
Underfull \hbox (badness 2205) in paragraph at lines 877--878
[]\TU/NanumGothic(0)/m/sl/10         . 
 []

File: static/DiaryExample.png Graphic file (type bmp)
<static/DiaryExample.png>
[26]
Appendix B.

Overfull \hbox (105.77011pt too wide) in alignment at lines 891--917
 [] [] [] 
 []


Underfull \vbox (badness 10000) detected at line 917
 []


Overfull \hbox (105.77011pt too wide) in alignment at lines 917--933
 [] [] [] 
 []

[27

]
Overfull \hbox (178.27005pt too wide) in alignment at lines 938--964
 [] [] 
 []


Underfull \vbox (badness 10000) detected at line 964
 []


Overfull \hbox (178.27005pt too wide) in alignment at lines 964--980
 [] [] 
 []

[28] [29] [30

]
Appendix C.
LaTeX Font Info:    Font shape `TU/NanumGothic(0)/b/n' will be
(Font)              scaled to size 12.0pt on input line 986.
[31] [32]
Appendix D.
[33

] [34]
Underfull \hbox (badness 10000) in paragraph at lines 1277--1278
\TU/NanumGothic(0)/m/sl/10     
 []


Underfull \hbox (badness 7081) in paragraph at lines 1277--1278
\TU/NanumGothic(0)/m/sl/10  . ,   
 []

[35] [36

]
Appendix E.

Overfull \hbox (3.2667pt too wide) in paragraph at lines 1322--1324
[]\TU/NanumGothic(0)/m/sl/10        
 []


Underfull \hbox (badness 10000) in paragraph at lines 1331--1333

 []

[37]
Underfull \hbox (badness 1577) in paragraph at lines 1347--1348
[]\TU/NanumGothic(0)/m/sl/10        
 []


Underfull \hbox (badness 2158) in paragraph at lines 1347--1348
\TU/NanumGothic(0)/m/sl/10  ,     
 []


Overfull \hbox (18.97pt too wide) in paragraph at lines 1365--1367
[]\TU/NanumGothic(0)/m/sl/10 Episodic migraine  (angiotens
in
 []


Underfull \hbox (badness 3942) in paragraph at lines 1365--1367
\TU/NanumGothic(0)/m/sl/10 converting enzyme inhibitor) (angiotensi
n
 []


Underfull \hbox (badness 2521) in paragraph at lines 1369--1370
[]\TU/NanumGothic(0)/m/sl/10 Episodic migraine  (anti-epileptic ag
ent:
 []

[38]
Appendix F.

Underfull \hbox (badness 4967) in paragraph at lines 1386--1388
[]\TU/NanumGothic(0)/m/sl/10 2012 - 2017  + 2012-2017  
 []

File: static/SearchProcess.png Graphic file (type bmp)
<static/SearchProcess.png>

Underfull \vbox (badness 10000) has occurred while \output is active []

[39

]
LaTeX Font Info:    Font shape `TU/NanumGothic(0)/m/n' will be
(Font)              scaled to size 11.99997pt on input line 1410.

Underfull \vbox (badness 10000) has occurred while \output is active []

[40]
Underfull \hbox (badness 1281) in paragraph at lines 1486--1487
[]\TU/NanumGothic(0)/m/sl/10       ,
 []


Underfull \hbox (badness 7522) in paragraph at lines 1486--1487
\TU/NanumGothic(0)/m/sl/10 ,      
 []

[41]
No file MigrainePrevention.bbl.
[42] (./MigrainePrevention.aux)

LaTeX Font Warning: Some font shapes were not available, defaults substituted.

 ) 
Here is how much of TeX's memory you used:
 17673 strings out of 476765
 319675 string characters out of 5819308
 809340 words of memory out of 5000000
 37575 multiletter control sequences out of 15000+600000
 407473 words of font info for 77 fonts, out of 8000000 for 9000
 1348 hyphenation exceptions out of 8191
 85i,8n,124p,1316b,461s stack positions out of 5000i,500n,10000p,200000b,80000s

Output written on MigrainePrevention.pdf (50 pages).
